  main.cpp
C:\Users\User\Desktop\Github\Cat's_Invasion\Cat's_Invasion\main.cpp(35,39): warning C4244:  '=': conversión de 'float' a 'T'; posible pérdida de datos
C:\Users\User\Desktop\Github\Cat's_Invasion\Cat's_Invasion\main.cpp(35,39): warning C4244:         with
C:\Users\User\Desktop\Github\Cat's_Invasion\Cat's_Invasion\main.cpp(35,39): warning C4244:         [
C:\Users\User\Desktop\Github\Cat's_Invasion\Cat's_Invasion\main.cpp(35,39): warning C4244:             T=int
C:\Users\User\Desktop\Github\Cat's_Invasion\Cat's_Invasion\main.cpp(35,39): warning C4244:         ]
C:\Users\User\Desktop\Github\Cat's_Invasion\Cat's_Invasion\main.cpp(36,40): warning C4244:  '=': conversión de 'float' a 'T'; posible pérdida de datos
C:\Users\User\Desktop\Github\Cat's_Invasion\Cat's_Invasion\main.cpp(36,40): warning C4244:         with
C:\Users\User\Desktop\Github\Cat's_Invasion\Cat's_Invasion\main.cpp(36,40): warning C4244:         [
C:\Users\User\Desktop\Github\Cat's_Invasion\Cat's_Invasion\main.cpp(36,40): warning C4244:             T=int
C:\Users\User\Desktop\Github\Cat's_Invasion\Cat's_Invasion\main.cpp(36,40): warning C4244:         ]
C:\Users\User\Desktop\Github\Cat's_Invasion\Cat's_Invasion\main.cpp(251,56): warning C4244:  'argumento': conversión de 'double' a 'T'; posible pérdida de datos
C:\Users\User\Desktop\Github\Cat's_Invasion\Cat's_Invasion\main.cpp(251,56): warning C4244:         with
C:\Users\User\Desktop\Github\Cat's_Invasion\Cat's_Invasion\main.cpp(251,56): warning C4244:         [
C:\Users\User\Desktop\Github\Cat's_Invasion\Cat's_Invasion\main.cpp(251,56): warning C4244:             T=float
C:\Users\User\Desktop\Github\Cat's_Invasion\Cat's_Invasion\main.cpp(251,56): warning C4244:         ]
C:\Users\User\Desktop\Github\Cat's_Invasion\Cat's_Invasion\main.cpp(371,58): warning C4244:  'argumento': conversión de 'int' a 'T'; posible pérdida de datos
C:\Users\User\Desktop\Github\Cat's_Invasion\Cat's_Invasion\main.cpp(371,58): warning C4244:         with
C:\Users\User\Desktop\Github\Cat's_Invasion\Cat's_Invasion\main.cpp(371,58): warning C4244:         [
C:\Users\User\Desktop\Github\Cat's_Invasion\Cat's_Invasion\main.cpp(371,58): warning C4244:             T=float
C:\Users\User\Desktop\Github\Cat's_Invasion\Cat's_Invasion\main.cpp(371,58): warning C4244:         ]
C:\Users\User\Desktop\Github\Cat's_Invasion\Cat's_Invasion\main.cpp(371,51): warning C4244:  'argumento': conversión de 'T' a 'T'; posible pérdida de datos
C:\Users\User\Desktop\Github\Cat's_Invasion\Cat's_Invasion\main.cpp(371,51): warning C4244:         with
C:\Users\User\Desktop\Github\Cat's_Invasion\Cat's_Invasion\main.cpp(371,51): warning C4244:         [
C:\Users\User\Desktop\Github\Cat's_Invasion\Cat's_Invasion\main.cpp(371,51): warning C4244:             T=unsigned int
C:\Users\User\Desktop\Github\Cat's_Invasion\Cat's_Invasion\main.cpp(371,51): warning C4244:         ]
C:\Users\User\Desktop\Github\Cat's_Invasion\Cat's_Invasion\main.cpp(371,51): warning C4244:         and
C:\Users\User\Desktop\Github\Cat's_Invasion\Cat's_Invasion\main.cpp(371,51): warning C4244:         [
C:\Users\User\Desktop\Github\Cat's_Invasion\Cat's_Invasion\main.cpp(371,51): warning C4244:             T=float
C:\Users\User\Desktop\Github\Cat's_Invasion\Cat's_Invasion\main.cpp(371,51): warning C4244:         ]
C:\Users\User\Desktop\Github\Cat's_Invasion\Cat's_Invasion\main.cpp(410,32): warning C4244:  'argumento': conversión de 'int' a 'float'; posible pérdida de datos
C:\Users\User\Desktop\Github\Cat's_Invasion\Cat's_Invasion\main.cpp(453,21): warning C4018:  '<': no coinciden signed/unsigned
C:\Users\User\Desktop\Github\Cat's_Invasion\Cat's_Invasion\main.cpp(584,13): warning C4244:  'argumento': conversión de 'time_t' a 'unsigned int'; posible pérdida de datos
C:\Users\User\Desktop\Github\Cat's_Invasion\Cat's_Invasion\main.cpp(750,148): warning C4244:  'argumento': conversión de 'double' a 'float'; posible pérdida de datos
C:\Users\User\Desktop\Github\Cat's_Invasion\Cat's_Invasion\main.cpp(750,52): warning C4244:  'argumento': conversión de 'double' a 'float'; posible pérdida de datos
C:\Users\User\Desktop\Github\Cat's_Invasion\Cat's_Invasion\main.cpp(755,152): warning C4244:  'argumento': conversión de 'double' a 'float'; posible pérdida de datos
C:\Users\User\Desktop\Github\Cat's_Invasion\Cat's_Invasion\main.cpp(755,51): warning C4244:  'argumento': conversión de 'double' a 'float'; posible pérdida de datos
C:\Users\User\Desktop\Github\Cat's_Invasion\Cat's_Invasion\main.cpp(763,1): warning C4305:  'argumento': truncamiento de 'double' a 'T'
C:\Users\User\Desktop\Github\Cat's_Invasion\Cat's_Invasion\main.cpp(763,1): warning C4305:         with
C:\Users\User\Desktop\Github\Cat's_Invasion\Cat's_Invasion\main.cpp(763,1): warning C4305:         [
C:\Users\User\Desktop\Github\Cat's_Invasion\Cat's_Invasion\main.cpp(763,1): warning C4305:             T=float
C:\Users\User\Desktop\Github\Cat's_Invasion\Cat's_Invasion\main.cpp(763,1): warning C4305:         ]
  Cat's_Invasion.vcxproj -> C:\Users\User\Desktop\Github\Cat's_Invasion\Debug\Cat's_Invasion.exe
